

Categories were pruned


Building active posters ranking...
Done!


No attachments were found


No expired entries were found
Bans invalidated: 0
Ban caches emptied: 0
Deleted users: 0
Fri Apr 13 17:34:01 UTC 2018


Categories were pruned


Building active posters ranking...
Done!


No attachments were found


No expired entries were found
Bans invalidated: 0
Ban caches emptied: 0
Deleted users: 0
--- Cron job started at Fri Apr 13 17:35:01 UTC 2018 ---


Categories were pruned


Building active posters ranking...
Done!


No attachments were found


No expired entries were found
Bans invalidated: 0
Ban caches emptied: 0
Deleted users: 0
--- Cron job started at Fri Apr 13 17:36:01 UTC 2018 ---


Categories were pruned


Building active posters ranking...
Done!


No attachments were found


No expired entries were found
Bans invalidated: 0
Ban caches emptied: 0
Deleted users: 0
